f:\기획운영 업무\02 기획\06 sw경쟁력 강화 tf\16년\04 육목경진대회\02 주간보고\samsunggo_ai_code_예제_공유\samsunggo_ai_code_c_c++\samsunggo_ai_code_배포\release\vc120.pdb
f:\기획운영 업무\02 기획\06 sw경쟁력 강화 tf\16년\04 육목경진대회\02 주간보고\samsunggo_ai_code_예제_공유\samsunggo_ai_code_c_c++\samsunggo_ai_code_배포\release\connect6algo.obj
f:\기획운영 업무\02 기획\06 sw경쟁력 강화 tf\16년\04 육목경진대회\02 주간보고\samsunggo_ai_code_예제_공유\samsunggo_ai_code_c_c++\samsunggo_ai_code_배포\release\ai_algorithm_code.obj
f:\기획운영 업무\02 기획\06 sw경쟁력 강화 tf\16년\04 육목경진대회\02 주간보고\samsunggo_ai_code_예제_공유\samsunggo_ai_code_c_c++\samsunggo_ai_code_배포\release\.netframework,version=v4.5.assemblyattributes.obj
f:\기획운영 업무\02 기획\06 sw경쟁력 강화 tf\16년\04 육목경진대회\02 주간보고\samsunggo_ai_code_예제_공유\samsunggo_ai_code_c_c++\release\samsunggo_ai_code_배포.exe
c:\windows\pcdrm\dump\20180709_nscfa.log
c:\windows\pcdrm\dump\20180709_nsccor01.log
f:\기획운영 업무\02 기획\06 sw경쟁력 강화 tf\16년\04 육목경진대회\02 주간보고\samsunggo_ai_code_예제_공유\samsunggo_ai_code_c_c++\release\samsunggo_ai_code_배포.pdb
f:\기획운영 업무\02 기획\06 sw경쟁력 강화 tf\16년\04 육목경진대회\02 주간보고\samsunggo_ai_code_예제_공유\samsunggo_ai_code_c_c++\samsunggo_ai_code_배포\release\samsunggo_ai_code_배포.vcxprojresolveassemblyreference.cache
f:\기획운영 업무\02 기획\06 sw경쟁력 강화 tf\16년\04 육목경진대회\02 주간보고\samsunggo_ai_code_예제_공유\samsunggo_ai_code_c_c++\samsunggo_ai_code_배포\release\samsungg.4fc7160b.tlog\cl.command.1.tlog
f:\기획운영 업무\02 기획\06 sw경쟁력 강화 tf\16년\04 육목경진대회\02 주간보고\samsunggo_ai_code_예제_공유\samsunggo_ai_code_c_c++\samsunggo_ai_code_배포\release\samsungg.4fc7160b.tlog\cl.read.1.tlog
f:\기획운영 업무\02 기획\06 sw경쟁력 강화 tf\16년\04 육목경진대회\02 주간보고\samsunggo_ai_code_예제_공유\samsunggo_ai_code_c_c++\samsunggo_ai_code_배포\release\samsungg.4fc7160b.tlog\cl.write.1.tlog
f:\기획운영 업무\02 기획\06 sw경쟁력 강화 tf\16년\04 육목경진대회\02 주간보고\samsunggo_ai_code_예제_공유\samsunggo_ai_code_c_c++\samsunggo_ai_code_배포\release\samsungg.4fc7160b.tlog\link.command.1.tlog
f:\기획운영 업무\02 기획\06 sw경쟁력 강화 tf\16년\04 육목경진대회\02 주간보고\samsunggo_ai_code_예제_공유\samsunggo_ai_code_c_c++\samsunggo_ai_code_배포\release\samsungg.4fc7160b.tlog\link.read.1.tlog
f:\기획운영 업무\02 기획\06 sw경쟁력 강화 tf\16년\04 육목경진대회\02 주간보고\samsunggo_ai_code_예제_공유\samsunggo_ai_code_c_c++\samsunggo_ai_code_배포\release\samsungg.4fc7160b.tlog\link.write.1.tlog
f:\기획운영 업무\02 기획\06 sw경쟁력 강화 tf\16년\04 육목경진대회\02 주간보고\samsunggo_ai_code_예제_공유\samsunggo_ai_code_c_c++\samsunggo_ai_code_배포\release\samsungg.4fc7160b.tlog\metagen.read.1.tlog
f:\기획운영 업무\02 기획\06 sw경쟁력 강화 tf\16년\04 육목경진대회\02 주간보고\samsunggo_ai_code_예제_공유\samsunggo_ai_code_c_c++\samsunggo_ai_code_배포\release\samsungg.4fc7160b.tlog\metagen.write.1.tlog
f:\기획운영 업무\02 기획\06 sw경쟁력 강화 tf\16년\04 육목경진대회\02 주간보고\samsunggo_ai_code_예제_공유\samsunggo_ai_code_c_c++\samsunggo_ai_code_배포\release\samsungg.4fc7160b.tlog\oleaccrc.dll.bi
f:\기획운영 업무\02 기획\06 sw경쟁력 강화 tf\16년\04 육목경진대회\02 주간보고\samsunggo_ai_code_예제_공유\samsunggo_ai_code_c_c++\samsunggo_ai_code_배포\release\samsungg.4fc7160b.tlog\rsaenh.dll.bi
f:\기획운영 업무\02 기획\06 sw경쟁력 강화 tf\16년\04 육목경진대회\02 주간보고\samsunggo_ai_code_예제_공유\samsunggo_ai_code_c_c++\samsunggo_ai_code_배포\release\samsungg.4fc7160b.tlog\tzres.dll.bi
